[11:10:41.414][inf] ----- Начало -------------------------------------------------------------------
[11:10:41.415][dbg] Удаление старых лог-файлов из '/home/u/Projects/LPM_Coral/_distrib/lin_5.15.2_x64/profile/log/', маска: '*.log', количество сохраненных файлов: 10
[11:10:41.418][dbg] Найдено файлов: 20
[11:10:41.419][dbg] Удаление файла '20240821_122700_008.log'
[11:10:41.420][dbg] Удаление файла '20240821_122908_147.log'
[11:10:41.422][dbg] Удаление файла '20240821_122945_425.log'
[11:10:41.742][dbg] Удаление файла '20240821_125138_673.log'
[11:10:41.744][dbg] Удаление файла '20240821_125551_610.log'
[11:10:41.747][dbg] Удаление файла '20240821_131314_388.log'
[11:10:41.748][dbg] Удаление файла '20240821_133620_877.log'
[11:10:41.749][dbg] Удаление файла '20240821_134603_236.log'
[11:10:41.751][dbg] Удаление файла '20240821_134828_331.log'
[11:10:41.752][dbg] Удаление файла '20240821_145942_918.log'
[11:10:41.752][inf] MainWindow: Начальная инициализация
[11:10:41.755][dbg] MainWindow: Thread Id: 128474594708288
[11:10:41.812][inf] PrivateSntn: Соединение с БД установлено
[11:10:41.825][dbg] MainWindow: showFormLogin() // Запуск формы входа
[11:10:41.929][dbg] FormLogin: Старт работы формы
[11:10:41.934][dbg] MainWindow: Старт формы 'FormLogin'. Всего запущено форм: 1
[11:10:44.916][dbg] PrivateSntn: Log in user: Администратор УПО, group: 2
[11:10:44.951][dbg] MainWindow: closeAllForms() // Закрытие всех форм
[11:10:44.955][dbg] FormLogin: Остановка работы формы
[11:10:44.955][dbg] MainWindow: Финиш формы 'FormLogin'. Всего запущено форм: 0
[11:10:44.960][dbg] MainWindow: loadModules() // Загрузка модулей
[11:10:44.970][dbg] MainWindow: Загрузка модуля ControlSystem
[11:10:44.973][dbg] MainWindow: Чтение настроек для модуля ControlSystem
[11:10:44.978][dbg] ControlSystem: Старт работы объекта
[11:10:44.979][dbg] PrivateControlSystem: Старт работы объекта
[11:10:44.980][dbg] ProtocolDriver: Старт работы объекта
[11:10:44.980][dbg] PrivateControlSystem: Старт потока 'ProtocolDriverThread'
[11:10:45.080][dbg] MainWindow: Старт модуля 'ControlSystem'. Всего запущено модулей: 1
[11:10:45.080][dbg] PrivateControlSystem: open(const QJsonObject &jsonSettings) // Открытие порта
[11:10:45.081][dbg] PrivateControlSystem: setSettings(const QJsonObject &jsonSettings) // Установка настроек
[11:10:45.081][dbg] ProtocolDriver: slot setSettings(const QJsonObject &jsonSettings)
[11:10:45.081][dbg] PrivateControlSystem: slot driverResultSetSettings(int errorCode = 0) // Результат установки настроек
[11:10:45.182][dbg] ProtocolDriver: slot openPort()
[11:10:45.184][dbg] PrivateControlSystem: slot driverChangePortState(bool portIsOpen = true) // Состояние порта
[11:10:45.284][dbg] MainWindow: Загрузка модуля Print
[11:10:45.285][dbg] MainWindow: Чтение настроек для модуля Print
[11:10:45.286][dbg] PrivatePrint: Старт работы объекта
[11:10:45.286][dbg] MainWindow: Старт модуля 'Print'. Всего запущено модулей: 2
[11:10:45.286][dbg] PrivatePrint: open(const QString &ip = 127.0.0.1, quint16 portNum = 8001)
[11:10:45.286][dbg] PrivateEth: Попытка подключения 127.0.0.1:8001
[11:10:45.288][err] PrivateEth: Не удалось установить подключение 127.0.0.1:8001
[11:10:45.288][err] PrivatePrint: Нет соединения с системой печати
[11:10:45.288][err] MainWindow: Модуль Print не соединился с устройством
[11:10:45.290][dbg] MainWindow: Загрузка модуля Camera
[11:10:45.293][dbg] Camera: Старт работы объекта
[11:10:45.293][dbg] PrivateCamera: Старт потока ThreadLucidApi
[11:10:45.294][dbg] MainWindow: Старт модуля 'Camera'. Всего запущено модулей: 3
[11:10:45.294][dbg] Lucid: Старт работы объекта
[11:10:45.294][dbg] Lucid: Подключение к системе взаимодействия с камерами
[11:10:45.296][err] MainWindow: Модуль Camera не соединился с устройством 1 или не получил настройки
[11:10:45.296][err] MainWindow: Модуль Camera не соединился с устройством 2 или не получил настройки
[11:10:45.297][err] MainWindow: Модуль Camera не соединился с устройством 3 или не получил настройки
[11:10:49.270][dbg] MainWindow: showFormDebug() // Запуск сервисной формы для отладки
[11:10:49.353][dbg] FormDebug: Старт работы формы
[11:10:49.365][dbg] FormDataDecoder: Старт работы формы
[11:10:49.367][dbg] FormDataReader: Старт работы формы
[11:10:49.367][dbg] FormDebug: Старт формы 1 FormDataDecoder
[11:10:49.368][dbg] FormPrint: Старт работы формы
[11:10:49.368][dbg] FormDebug: Старт формы 2 FormDataReader
[11:10:49.369][dbg] FormControlSystem: Старт работы формы
[11:10:49.369][dbg] FormDebug: Старт формы 3 FormPrint
[11:10:49.370][dbg] PrivateControlSystem: commandRequestState(ControlSystemTypes::StatusStruct &status) // Запрос состояния
[11:10:49.371][dbg] ProtocolDriver: Команда помещена в очередь на выполнение
[11:10:49.405][dbg] ProtocolDriver: Begin slot executeCommandFromQueue(const CmdQeueStruct &cmdStruct) // Запуск - команда из очереди на выполнение
[11:10:49.406][dbg] ProtocolDriver: Запуск на выполнение: Модуль 1 (Основной модуль управления), Команда 0 (Запрос статуса), Данные 0 байт.
[11:10:56.431][err] PrivateControlSystem: Ошибка при запросе состояния: Таймаут ожидания ответа (7060 мсек)
[11:10:56.434][dbg] FormDebug: Старт формы 4 FormControlSystem
[11:10:56.538][dbg] MainWindow: Старт формы 'FormDebug'. Всего запущено форм: 1
[11:11:04.167][dbg] ProtocolDriver: End slot executeCommandFromQueue(const CmdQeueStruct &cmdStruct) // Завершение. Время выполнения: 14761 мсек. Время с момента помещения в очередь: 14795 мсек.
[11:11:42.091][dbg] DialogUsedMemory: Использовано памяти приложением: 90136 КБ
[11:12:00.700][inf] FormControlSystem: Пример лога, строка 1 - Информационное сообщение средней длины.
[11:12:00.756][dbg] FormControlSystem: Пример лога, строка 2 - Текст отладочной информации
[11:12:00.774][wrn] FormControlSystem: Пример лога, строка 3 - Текст предупреждения. Лучше выделять, чтоб было заметно.
[11:12:00.793][inf] FormControlSystem: Пример лога, строка 4 - Информационное сообщение средней длины.
[11:12:00.855][>>>] FormControlSystem: Пример лога, строка 5 - Исходящие данные 00 01 02 03 04 05 06 07 08 09 0A 0B 0C 0D 0E 0F 10 11 12 13 14 15 16 17 18 19 1A 1B 1C 1D 1E 1F
[11:12:00.905][txt] FormControlSystem: Пример лога, строка 6 - Простой текст. Строка может оказаться достаточно длинной и не умещаться на экране по горизонтали без полосы прокрутки. В любой строке могут содержаться любые символы UTF-8.
[11:12:00.999][txt] FormControlSystem: Пример лога, строка 7 - Простой текст. Строка может оказаться достаточно длинной и не умещаться на экране по горизонтали без полосы прокрутки. В любой строке могут содержаться любые символы UTF-8.
[11:12:01.065][dbg] FormControlSystem: Пример лога, строка 8 - Текст отладочной информации
[11:12:01.139][dbg] FormControlSystem: Пример лога, строка 9 - Текст отладочной информации
[11:12:01.198][dbg] FormControlSystem: Пример лога, строка 10 - Текст отладочной информации
[11:12:01.264][dbg] FormControlSystem: Пример лога, строка 11 - Текст отладочной информации
[11:12:01.319][inf] FormControlSystem: Пример лога, строка 12 - Информационное сообщение средней длины.
[11:12:01.390][txt] FormControlSystem: Пример лога, строка 13 - Простой текст. Строка может оказаться достаточно длинной и не умещаться на экране по горизонтали без полосы прокрутки. В любой строке могут содержаться любые символы UTF-8.
[11:12:01.406][wrn] FormControlSystem: Пример лога, строка 14 - Текст предупреждения. Лучше выделять, чтоб было заметно.
[11:12:01.484][dbg] FormControlSystem: Пример лога, строка 15 - Текст отладочной информации
[11:12:01.562][inf] FormControlSystem: Пример лога, строка 16 - Информационное сообщение средней длины.
[11:12:01.641][dbg] FormControlSystem: Пример лога, строка 17 - Текст отладочной информации
[11:12:01.647][wrn] FormControlSystem: Пример лога, строка 18 - Текст предупреждения. Лучше выделять, чтоб было заметно.
[11:12:01.671][dbg] FormControlSystem: Пример лога, строка 19 - Текст отладочной информации
[11:12:01.712][dbg] FormControlSystem: Пример лога, строка 20 - Текст отладочной информации
[11:12:01.740][txt] FormControlSystem: Пример лога, строка 21 - Простой текст. Строка может оказаться достаточно длинной и не умещаться на экране по горизонтали без полосы прокрутки. В любой строке могут содержаться любые символы UTF-8.
[11:12:01.824][dbg] FormControlSystem: Пример лога, строка 22 - Текст отладочной информации
[11:12:01.848][inf] FormControlSystem: Пример лога, строка 23 - Информационное сообщение средней длины.
[11:12:01.863][err] FormControlSystem: Пример лога, строка 24 - Текст ошибки. Лучше подсвечивать красным, чтоб было заметно.
[11:12:01.955][inf] FormControlSystem: Пример лога, строка 25 - Информационное сообщение средней длины.
[11:12:02.024][wrn] FormControlSystem: Пример лога, строка 26 - Текст предупреждения. Лучше выделять, чтоб было заметно.
[11:12:02.090][<<<] FormControlSystem: Пример лога, строка 27 - Входящие данные 00 01 02 03 04 05 06 07 08 09 0A 0B 0C 0D 0E 0F 10 11 12 13 14 15 16 17 18 19 1A 1B 1C 1D 1E 1F
[11:12:02.097][inf] FormControlSystem: Пример лога, строка 28 - Информационное сообщение средней длины.
[11:12:02.114][inf] FormControlSystem: Пример лога, строка 29 - Информационное сообщение средней длины.
[11:12:02.152][dbg] FormControlSystem: Пример лога, строка 30 - Текст отладочной информации
[11:12:02.180][inf] FormControlSystem: Пример лога, строка 31 - Информационное сообщение средней длины.
[11:12:02.201][>>>] FormControlSystem: Пример лога, строка 32 - Исходящие данные 00 01 02 03 04 05 06 07 08 09 0A 0B 0C 0D 0E 0F 10 11 12 13 14 15 16 17 18 19 1A 1B 1C 1D 1E 1F
[11:12:02.209][dbg] FormControlSystem: Пример лога, строка 33 - Текст отладочной информации
[11:12:02.307][dbg] FormControlSystem: Пример лога, строка 34 - Текст отладочной информации
[11:12:02.323][>>>] FormControlSystem: Пример лога, строка 35 - Исходящие данные 00 01 02 03 04 05 06 07 08 09 0A 0B 0C 0D 0E 0F 10 11 12 13 14 15 16 17 18 19 1A 1B 1C 1D 1E 1F
[11:12:02.360][inf] FormControlSystem: Пример лога, строка 36 - Информационное сообщение средней длины.
[11:12:02.372][dbg] FormControlSystem: Пример лога, строка 37 - Текст отладочной информации
[11:12:02.464][err] FormControlSystem: Пример лога, строка 38 - Текст ошибки. Лучше подсвечивать красным, чтоб было заметно.
[11:12:02.492][inf] FormControlSystem: Пример лога, строка 39 - Информационное сообщение средней длины.
[11:12:02.572][>>>] FormControlSystem: Пример лога, строка 40 - Исходящие данные 00 01 02 03 04 05 06 07 08 09 0A 0B 0C 0D 0E 0F 10 11 12 13 14 15 16 17 18 19 1A 1B 1C 1D 1E 1F
[11:12:02.582][dbg] FormControlSystem: Пример лога, строка 41 - Текст отладочной информации
[11:12:02.590][dbg] FormControlSystem: Пример лога, строка 42 - Текст отладочной информации
[11:12:02.693][wrn] FormControlSystem: Пример лога, строка 43 - Текст предупреждения. Лучше выделять, чтоб было заметно.
[11:12:02.762][inf] FormControlSystem: Пример лога, строка 44 - Информационное сообщение средней длины.
[11:12:02.851][<<<] FormControlSystem: Пример лога, строка 45 - Входящие данные 00 01 02 03 04 05 06 07 08 09 0A 0B 0C 0D 0E 0F 10 11 12 13 14 15 16 17 18 19 1A 1B 1C 1D 1E 1F
[11:12:02.932][wrn] FormControlSystem: Пример лога, строка 46 - Текст предупреждения. Лучше выделять, чтоб было заметно.
[11:12:02.941][txt] FormControlSystem: Пример лога, строка 47 - Простой текст. Строка может оказаться достаточно длинной и не умещаться на экране по горизонтали без полосы прокрутки. В любой строке могут содержаться любые символы UTF-8.
[11:12:02.964][dbg] FormControlSystem: Пример лога, строка 48 - Текст отладочной информации
[11:12:02.995][dbg] FormControlSystem: Пример лога, строка 49 - Текст отладочной информации
[11:12:03.073][>>>] FormControlSystem: Пример лога, строка 50 - Исходящие данные 00 01 02 03 04 05 06 07 08 09 0A 0B 0C 0D 0E 0F 10 11 12 13 14 15 16 17 18 19 1A 1B 1C 1D 1E 1F
[11:12:03.145][dbg] FormControlSystem: Пример лога, строка 51 - Текст отладочной информации
[11:12:03.166][dbg] FormControlSystem: Пример лога, строка 52 - Текст отладочной информации
[11:12:03.233][dbg] FormControlSystem: Пример лога, строка 53 - Текст отладочной информации
[11:12:03.341][dbg] FormControlSystem: Пример лога, строка 54 - Текст отладочной информации
[11:12:03.389][err] FormControlSystem: Пример лога, строка 55 - Текст ошибки. Лучше подсвечивать красным, чтоб было заметно.
[11:12:03.395][dbg] FormControlSystem: Пример лога, строка 56 - Текст отладочной информации
[11:12:03.490][>>>] FormControlSystem: Пример лога, строка 57 - Исходящие данные 00 01 02 03 04 05 06 07 08 09 0A 0B 0C 0D 0E 0F 10 11 12 13 14 15 16 17 18 19 1A 1B 1C 1D 1E 1F
[11:12:03.579][dbg] FormControlSystem: Пример лога, строка 58 - Текст отладочной информации
[11:12:03.668][inf] FormControlSystem: Пример лога, строка 59 - Информационное сообщение средней длины.
[11:12:03.772][inf] FormControlSystem: Пример лога, строка 60 - Информационное сообщение средней длины.
[11:12:03.862][dbg] FormControlSystem: Пример лога, строка 61 - Текст отладочной информации
[11:12:03.908][txt] FormControlSystem: Пример лога, строка 62 - Простой текст. Строка может оказаться достаточно длинной и не умещаться на экране по горизонтали без полосы прокрутки. В любой строке могут содержаться любые символы UTF-8.
[11:12:03.937][inf] FormControlSystem: Пример лога, строка 63 - Информационное сообщение средней длины.
[11:12:03.988][inf] FormControlSystem: Пример лога, строка 64 - Информационное сообщение средней длины.
[11:12:04.092][err] FormControlSystem: Пример лога, строка 65 - Текст ошибки. Лучше подсвечивать красным, чтоб было заметно.
[11:12:04.148][wrn] FormControlSystem: Пример лога, строка 66 - Текст предупреждения. Лучше выделять, чтоб было заметно.
[11:12:04.213][dbg] FormControlSystem: Пример лога, строка 67 - Текст отладочной информации
[11:12:04.221][inf] FormControlSystem: Пример лога, строка 68 - Информационное сообщение средней длины.
[11:12:04.286][inf] FormControlSystem: Пример лога, строка 69 - Информационное сообщение средней длины.
[11:12:04.389][dbg] FormControlSystem: Пример лога, строка 70 - Текст отладочной информации
[11:12:04.417][inf] FormControlSystem: Пример лога, строка 71 - Информационное сообщение средней длины.
[11:12:04.465][err] FormControlSystem: Пример лога, строка 72 - Текст ошибки. Лучше подсвечивать красным, чтоб было заметно.
[11:12:04.557][dbg] FormControlSystem: Пример лога, строка 73 - Текст отладочной информации
[11:12:04.630][dbg] FormControlSystem: Пример лога, строка 74 - Текст отладочной информации
[11:12:04.693][<<<] FormControlSystem: Пример лога, строка 75 - Входящие данные 00 01 02 03 04 05 06 07 08 09 0A 0B 0C 0D 0E 0F 10 11 12 13 14 15 16 17 18 19 1A 1B 1C 1D 1E 1F
[11:12:04.729][txt] FormControlSystem: Пример лога, строка 76 - Простой текст. Строка может оказаться достаточно длинной и не умещаться на экране по горизонтали без полосы прокрутки. В любой строке могут содержаться любые символы UTF-8.
[11:12:04.769][inf] FormControlSystem: Пример лога, строка 77 - Информационное сообщение средней длины.
[11:12:04.804][dbg] FormControlSystem: Пример лога, строка 78 - Текст отладочной информации
[11:12:04.840][<<<] FormControlSystem: Пример лога, строка 79 - Входящие данные 00 01 02 03 04 05 06 07 08 09 0A 0B 0C 0D 0E 0F 10 11 12 13 14 15 16 17 18 19 1A 1B 1C 1D 1E 1F
[11:12:04.854][dbg] FormControlSystem: Пример лога, строка 80 - Текст отладочной информации
[11:12:04.928][dbg] FormControlSystem: Пример лога, строка 81 - Текст отладочной информации
[11:12:05.008][inf] FormControlSystem: Пример лога, строка 82 - Информационное сообщение средней длины.
[11:12:05.077][dbg] FormControlSystem: Пример лога, строка 83 - Текст отладочной информации
[11:12:05.115][inf] FormControlSystem: Пример лога, строка 84 - Информационное сообщение средней длины.
[11:12:05.149][dbg] FormControlSystem: Пример лога, строка 85 - Текст отладочной информации
[11:12:05.248][inf] FormControlSystem: Пример лога, строка 86 - Информационное сообщение средней длины.
[11:12:05.340][dbg] FormControlSystem: Пример лога, строка 87 - Текст отладочной информации
[11:12:05.377][dbg] FormControlSystem: Пример лога, строка 88 - Текст отладочной информации
[11:12:05.428][inf] FormControlSystem: Пример лога, строка 89 - Информационное сообщение средней длины.
[11:12:05.440][>>>] FormControlSystem: Пример лога, строка 90 - Исходящие данные 00 01 02 03 04 05 06 07 08 09 0A 0B 0C 0D 0E 0F 10 11 12 13 14 15 16 17 18 19 1A 1B 1C 1D 1E 1F
[11:12:05.481][dbg] FormControlSystem: Пример лога, строка 91 - Текст отладочной информации
[11:12:05.579][inf] FormControlSystem: Пример лога, строка 92 - Информационное сообщение средней длины.
[11:12:05.616][<<<] FormControlSystem: Пример лога, строка 93 - Входящие данные 00 01 02 03 04 05 06 07 08 09 0A 0B 0C 0D 0E 0F 10 11 12 13 14 15 16 17 18 19 1A 1B 1C 1D 1E 1F
[11:12:05.703][dbg] FormControlSystem: Пример лога, строка 94 - Текст отладочной информации
[11:12:05.733][dbg] FormControlSystem: Пример лога, строка 95 - Текст отладочной информации
[11:12:05.765][inf] FormControlSystem: Пример лога, строка 96 - Информационное сообщение средней длины.
[11:12:05.787][inf] FormControlSystem: Пример лога, строка 97 - Информационное сообщение средней длины.
[11:12:05.886][dbg] FormControlSystem: Пример лога, строка 98 - Текст отладочной информации
[11:12:05.898][inf] FormControlSystem: Пример лога, строка 99 - Информационное сообщение средней длины.
[11:12:05.978][inf] FormControlSystem: Пример лога, строка 100 - Информационное сообщение средней длины.
[11:12:06.011][inf] FormControlSystem: Пример лога, строка 101 - Информационное сообщение средней длины.
[11:12:06.036][dbg] FormControlSystem: Пример лога, строка 102 - Текст отладочной информации
[11:12:06.135][inf] FormControlSystem: Пример лога, строка 103 - Информационное сообщение средней длины.
[11:12:06.170][dbg] FormControlSystem: Пример лога, строка 104 - Текст отладочной информации
[11:12:06.262][dbg] FormControlSystem: Пример лога, строка 105 - Текст отладочной информации
[11:12:06.314][dbg] FormControlSystem: Пример лога, строка 106 - Текст отладочной информации
[11:12:06.394][dbg] FormControlSystem: Пример лога, строка 107 - Текст отладочной информации
[11:12:06.495][inf] FormControlSystem: Пример лога, строка 108 - Информационное сообщение средней длины.
[11:12:06.578][dbg] FormControlSystem: Пример лога, строка 109 - Текст отладочной информации
[11:12:06.672][dbg] FormControlSystem: Пример лога, строка 110 - Текст отладочной информации
[11:12:06.765][txt] FormControlSystem: Пример лога, строка 111 - Простой текст. Строка может оказаться достаточно длинной и не умещаться на экране по горизонтали без полосы прокрутки. В любой строке могут содержаться любые символы UTF-8.
[11:12:06.839][dbg] FormControlSystem: Пример лога, строка 112 - Текст отладочной информации
[11:12:06.934][inf] FormControlSystem: Пример лога, строка 113 - Информационное сообщение средней длины.
[11:12:07.031][err] FormControlSystem: Пример лога, строка 114 - Текст ошибки. Лучше подсвечивать красным, чтоб было заметно.
[11:12:07.116][inf] FormControlSystem: Пример лога, строка 115 - Информационное сообщение средней длины.
[11:12:07.151][inf] FormControlSystem: Пример лога, строка 116 - Информационное сообщение средней длины.
[11:12:07.198][inf] FormControlSystem: Пример лога, строка 117 - Информационное сообщение средней длины.
[11:12:07.251][>>>] FormControlSystem: Пример лога, строка 118 - Исходящие данные 00 01 02 03 04 05 06 07 08 09 0A 0B 0C 0D 0E 0F 10 11 12 13 14 15 16 17 18 19 1A 1B 1C 1D 1E 1F
[11:12:07.277][>>>] FormControlSystem: Пример лога, строка 119 - Исходящие данные 00 01 02 03 04 05 06 07 08 09 0A 0B 0C 0D 0E 0F 10 11 12 13 14 15 16 17 18 19 1A 1B 1C 1D 1E 1F
[11:12:07.374][dbg] FormControlSystem: Пример лога, строка 120 - Текст отладочной информации
[11:12:07.473][dbg] FormControlSystem: Пример лога, строка 121 - Текст отладочной информации
[11:12:07.557][wrn] FormControlSystem: Пример лога, строка 122 - Текст предупреждения. Лучше выделять, чтоб было заметно.
[11:12:07.597][dbg] FormControlSystem: Пример лога, строка 123 - Текст отладочной информации
[11:12:07.615][dbg] FormControlSystem: Пример лога, строка 124 - Текст отладочной информации
[11:12:07.684][>>>] FormControlSystem: Пример лога, строка 125 - Исходящие данные 00 01 02 03 04 05 06 07 08 09 0A 0B 0C 0D 0E 0F 10 11 12 13 14 15 16 17 18 19 1A 1B 1C 1D 1E 1F
[11:12:07.700][err] FormControlSystem: Пример лога, строка 126 - Текст ошибки. Лучше подсвечивать красным, чтоб было заметно.
[11:12:07.761][inf] FormControlSystem: Пример лога, строка 127 - Информационное сообщение средней длины.
[11:12:07.802][txt] FormControlSystem: Пример лога, строка 128 - Простой текст. Строка может оказаться достаточно длинной и не умещаться на экране по горизонтали без полосы прокрутки. В любой строке могут содержаться любые символы UTF-8.
[11:12:07.847][dbg] FormControlSystem: Пример лога, строка 129 - Текст отладочной информации
[11:12:07.898][err] FormControlSystem: Пример лога, строка 130 - Текст ошибки. Лучше подсвечивать красным, чтоб было заметно.
[11:12:07.945][wrn] FormControlSystem: Пример лога, строка 131 - Текст предупреждения. Лучше выделять, чтоб было заметно.
[11:12:08.047][txt] FormControlSystem: Пример лога, строка 132 - Простой текст. Строка может оказаться достаточно длинной и не умещаться на экране по горизонтали без полосы прокрутки. В любой строке могут содержаться любые символы UTF-8.
[11:12:08.128][inf] FormControlSystem: Пример лога, строка 133 - Информационное сообщение средней длины.
[11:12:08.136][inf] FormControlSystem: Пример лога, строка 134 - Информационное сообщение средней длины.
[11:12:08.196][err] FormControlSystem: Пример лога, строка 135 - Текст ошибки. Лучше подсвечивать красным, чтоб было заметно.
[11:12:08.222][err] FormControlSystem: Пример лога, строка 136 - Текст ошибки. Лучше подсвечивать красным, чтоб было заметно.
[11:12:08.273][<<<] FormControlSystem: Пример лога, строка 137 - Входящие данные 00 01 02 03 04 05 06 07 08 09 0A 0B 0C 0D 0E 0F 10 11 12 13 14 15 16 17 18 19 1A 1B 1C 1D 1E 1F
[11:12:08.325][dbg] FormControlSystem: Пример лога, строка 138 - Текст отладочной информации
[11:12:08.352][txt] FormControlSystem: Пример лога, строка 139 - Простой текст. Строка может оказаться достаточно длинной и не умещаться на экране по горизонтали без полосы прокрутки. В любой строке могут содержаться любые символы UTF-8.
[11:12:08.419][inf] FormControlSystem: Пример лога, строка 140 - Информационное сообщение средней длины.
[11:12:08.491][>>>] FormControlSystem: Пример лога, строка 141 - Исходящие данные 00 01 02 03 04 05 06 07 08 09 0A 0B 0C 0D 0E 0F 10 11 12 13 14 15 16 17 18 19 1A 1B 1C 1D 1E 1F
[11:12:08.518][inf] FormControlSystem: Пример лога, строка 142 - Информационное сообщение средней длины.
[11:12:08.550][inf] FormControlSystem: Пример лога, строка 143 - Информационное сообщение средней длины.
[11:12:08.574][dbg] FormControlSystem: Пример лога, строка 144 - Текст отладочной информации
[11:12:08.655][inf] FormControlSystem: Пример лога, строка 145 - Информационное сообщение средней длины.
[11:12:08.683][inf] FormControlSystem: Пример лога, строка 146 - Информационное сообщение средней длины.
[11:12:08.785][err] FormControlSystem: Пример лога, строка 147 - Текст ошибки. Лучше подсвечивать красным, чтоб было заметно.
[11:12:08.808][inf] FormControlSystem: Пример лога, строка 148 - Информационное сообщение средней длины.
[11:12:08.844][txt] FormControlSystem: Пример лога, строка 149 - Простой текст. Строка может оказаться достаточно длинной и не умещаться на экране по горизонтали без полосы прокрутки. В любой строке могут содержаться любые символы UTF-8.
[11:12:08.857][wrn] FormControlSystem: Пример лога, строка 150 - Текст предупреждения. Лучше выделять, чтоб было заметно.
[11:12:08.933][inf] FormControlSystem: Пример лога, строка 151 - Информационное сообщение средней длины.
[11:12:09.034][inf] FormControlSystem: Пример лога, строка 152 - Информационное сообщение средней длины.
[11:12:09.129][wrn] FormControlSystem: Пример лога, строка 153 - Текст предупреждения. Лучше выделять, чтоб было заметно.
[11:12:09.149][dbg] FormControlSystem: Пример лога, строка 154 - Текст отладочной информации
[11:12:09.187][err] FormControlSystem: Пример лога, строка 155 - Текст ошибки. Лучше подсвечивать красным, чтоб было заметно.
[11:12:09.213][dbg] FormControlSystem: Пример лога, строка 156 - Текст отладочной информации
[11:12:09.293][dbg] FormControlSystem: Пример лога, строка 157 - Текст отладочной информации
[11:12:09.378][dbg] FormControlSystem: Пример лога, строка 158 - Текст отладочной информации
[11:12:09.459][dbg] FormControlSystem: Пример лога, строка 159 - Текст отладочной информации
[11:12:09.468][dbg] FormControlSystem: Пример лога, строка 160 - Текст отладочной информации
[11:12:09.523][<<<] FormControlSystem: Пример лога, строка 161 - Входящие данные 00 01 02 03 04 05 06 07 08 09 0A 0B 0C 0D 0E 0F 10 11 12 13 14 15 16 17 18 19 1A 1B 1C 1D 1E 1F
[11:12:09.568][dbg] FormControlSystem: Пример лога, строка 162 - Текст отладочной информации
[11:12:09.638][inf] FormControlSystem: Пример лога, строка 163 - Информационное сообщение средней длины.
[11:12:09.734][<<<] FormControlSystem: Пример лога, строка 164 - Входящие данные 00 01 02 03 04 05 06 07 08 09 0A 0B 0C 0D 0E 0F 10 11 12 13 14 15 16 17 18 19 1A 1B 1C 1D 1E 1F
[11:12:09.741][dbg] FormControlSystem: Пример лога, строка 165 - Текст отладочной информации
[11:12:09.838][inf] FormControlSystem: Пример лога, строка 166 - Информационное сообщение средней длины.
[11:12:09.928][inf] FormControlSystem: Пример лога, строка 167 - Информационное сообщение средней длины.
[11:12:09.973][txt] FormControlSystem: Пример лога, строка 168 - Простой текст. Строка может оказаться достаточно длинной и не умещаться на экране по горизонтали без полосы прокрутки. В любой строке могут содержаться любые символы UTF-8.
[11:12:10.066][wrn] FormControlSystem: Пример лога, строка 169 - Текст предупреждения. Лучше выделять, чтоб было заметно.
[11:12:10.094][dbg] FormControlSystem: Пример лога, строка 170 - Текст отладочной информации
[11:12:10.173][inf] FormControlSystem: Пример лога, строка 171 - Информационное сообщение средней длины.
[11:12:10.225][wrn] FormControlSystem: Пример лога, строка 172 - Текст предупреждения. Лучше выделять, чтоб было заметно.
[11:12:10.311][dbg] FormControlSystem: Пример лога, строка 173 - Текст отладочной информации
[11:12:10.385][inf] FormControlSystem: Пример лога, строка 174 - Информационное сообщение средней длины.
[11:12:10.469][txt] FormControlSystem: Пример лога, строка 175 - Простой текст. Строка может оказаться достаточно длинной и не умещаться на экране по горизонтали без полосы прокрутки. В любой строке могут содержаться любые символы UTF-8.
[11:12:10.564][dbg] FormControlSystem: Пример лога, строка 176 - Текст отладочной информации
[11:12:10.605][dbg] FormControlSystem: Пример лога, строка 177 - Текст отладочной информации
[11:12:10.692][inf] FormControlSystem: Пример лога, строка 178 - Информационное сообщение средней длины.
[11:12:10.741][wrn] FormControlSystem: Пример лога, строка 179 - Текст предупреждения. Лучше выделять, чтоб было заметно.
[11:12:10.790][dbg] FormControlSystem: Пример лога, строка 180 - Текст отладочной информации
[11:12:10.844][>>>] FormControlSystem: Пример лога, строка 181 - Исходящие данные 00 01 02 03 04 05 06 07 08 09 0A 0B 0C 0D 0E 0F 10 11 12 13 14 15 16 17 18 19 1A 1B 1C 1D 1E 1F
[11:12:10.853][dbg] FormControlSystem: Пример лога, строка 182 - Текст отладочной информации
[11:12:10.878][wrn] FormControlSystem: Пример лога, строка 183 - Текст предупреждения. Лучше выделять, чтоб было заметно.
[11:12:10.944][dbg] FormControlSystem: Пример лога, строка 184 - Текст отладочной информации
[11:12:10.967][txt] FormControlSystem: Пример лога, строка 185 - Простой текст. Строка может оказаться достаточно длинной и не умещаться на экране по горизонтали без полосы прокрутки. В любой строке могут содержаться любые символы UTF-8.
[11:12:11.042][err] FormControlSystem: Пример лога, строка 186 - Текст ошибки. Лучше подсвечивать красным, чтоб было заметно.
[11:12:11.123][err] FormControlSystem: Пример лога, строка 187 - Текст ошибки. Лучше подсвечивать красным, чтоб было заметно.
[11:12:11.203][txt] FormControlSystem: Пример лога, строка 188 - Простой текст. Строка может оказаться достаточно длинной и не умещаться на экране по горизонтали без полосы прокрутки. В любой строке могут содержаться любые символы UTF-8.
[11:12:11.242][>>>] FormControlSystem: Пример лога, строка 189 - Исходящие данные 00 01 02 03 04 05 06 07 08 09 0A 0B 0C 0D 0E 0F 10 11 12 13 14 15 16 17 18 19 1A 1B 1C 1D 1E 1F
[11:12:11.311][>>>] FormControlSystem: Пример лога, строка 190 - Исходящие данные 00 01 02 03 04 05 06 07 08 09 0A 0B 0C 0D 0E 0F 10 11 12 13 14 15 16 17 18 19 1A 1B 1C 1D 1E 1F
[11:12:11.413][dbg] FormControlSystem: Пример лога, строка 191 - Текст отладочной информации
[11:12:11.461][dbg] FormControlSystem: Пример лога, строка 192 - Текст отладочной информации
[11:12:11.527][<<<] FormControlSystem: Пример лога, строка 193 - Входящие данные 00 01 02 03 04 05 06 07 08 09 0A 0B 0C 0D 0E 0F 10 11 12 13 14 15 16 17 18 19 1A 1B 1C 1D 1E 1F
[11:12:11.598][inf] FormControlSystem: Пример лога, строка 194 - Информационное сообщение средней длины.
[11:12:11.684][dbg] FormControlSystem: Пример лога, строка 195 - Текст отладочной информации
[11:12:11.779][inf] FormControlSystem: Пример лога, строка 196 - Информационное сообщение средней длины.
[11:12:11.845][dbg] FormControlSystem: Пример лога, строка 197 - Текст отладочной информации
[11:12:11.896][dbg] FormControlSystem: Пример лога, строка 198 - Текст отладочной информации
[11:12:11.912][dbg] FormControlSystem: Пример лога, строка 199 - Текст отладочной информации
[11:12:11.942][inf] FormControlSystem: Пример лога, строка 200 - Информационное сообщение средней длины.
[11:12:12.015][txt] FormControlSystem: Пример лога, строка 201 - Простой текст. Строка может оказаться достаточно длинной и не умещаться на экране по горизонтали без полосы прокрутки. В любой строке могут содержаться любые символы UTF-8.
[11:12:12.035][inf] FormControlSystem: Пример лога, строка 202 - Информационное сообщение средней длины.
[11:12:12.107][<<<] FormControlSystem: Пример лога, строка 203 - Входящие данные 00 01 02 03 04 05 06 07 08 09 0A 0B 0C 0D 0E 0F 10 11 12 13 14 15 16 17 18 19 1A 1B 1C 1D 1E 1F
[11:12:12.148][inf] FormControlSystem: Пример лога, строка 204 - Информационное сообщение средней длины.
[11:12:12.173][inf] FormControlSystem: Пример лога, строка 205 - Информационное сообщение средней длины.
[11:12:12.262][<<<] FormControlSystem: Пример лога, строка 206 - Входящие данные 00 01 02 03 04 05 06 07 08 09 0A 0B 0C 0D 0E 0F 10 11 12 13 14 15 16 17 18 19 1A 1B 1C 1D 1E 1F
[11:12:12.292][inf] FormControlSystem: Пример лога, строка 207 - Информационное сообщение средней длины.
[11:12:12.392][dbg] FormControlSystem: Пример лога, строка 208 - Текст отладочной информации
[11:12:12.484][dbg] FormControlSystem: Пример лога, строка 209 - Текст отладочной информации
[11:12:12.583][inf] FormControlSystem: Пример лога, строка 210 - Информационное сообщение средней длины.
[11:12:12.637][dbg] FormControlSystem: Пример лога, строка 211 - Текст отладочной информации
[11:12:12.721][inf] FormControlSystem: Пример лога, строка 212 - Информационное сообщение средней длины.
[11:12:12.733][>>>] FormControlSystem: Пример лога, строка 213 - Исходящие данные 00 01 02 03 04 05 06 07 08 09 0A 0B 0C 0D 0E 0F 10 11 12 13 14 15 16 17 18 19 1A 1B 1C 1D 1E 1F
[11:12:12.740][dbg] FormControlSystem: Пример лога, строка 214 - Текст отладочной информации
[11:12:12.840][<<<] FormControlSystem: Пример лога, строка 215 - Входящие данные 00 01 02 03 04 05 06 07 08 09 0A 0B 0C 0D 0E 0F 10 11 12 13 14 15 16 17 18 19 1A 1B 1C 1D 1E 1F
[11:12:12.853][dbg] FormControlSystem: Пример лога, строка 216 - Текст отладочной информации
[11:12:12.899][inf] FormControlSystem: Пример лога, строка 217 - Информационное сообщение средней длины.
[11:12:12.948][wrn] FormControlSystem: Пример лога, строка 218 - Текст предупреждения. Лучше выделять, чтоб было заметно.
[11:12:13.014][dbg] FormControlSystem: Пример лога, строка 219 - Текст отладочной информации
[11:12:13.098][dbg] FormControlSystem: Пример лога, строка 220 - Текст отладочной информации
[11:12:13.124][<<<] FormControlSystem: Пример лога, строка 221 - Входящие данные 00 01 02 03 04 05 06 07 08 09 0A 0B 0C 0D 0E 0F 10 11 12 13 14 15 16 17 18 19 1A 1B 1C 1D 1E 1F
[11:12:13.210][>>>] FormControlSystem: Пример лога, строка 222 - Исходящие данные 00 01 02 03 04 05 06 07 08 09 0A 0B 0C 0D 0E 0F 10 11 12 13 14 15 16 17 18 19 1A 1B 1C 1D 1E 1F
[11:12:13.244][wrn] FormControlSystem: Пример лога, строка 223 - Текст предупреждения. Лучше выделять, чтоб было заметно.
[11:12:13.283][<<<] FormControlSystem: Пример лога, строка 224 - Входящие данные 00 01 02 03 04 05 06 07 08 09 0A 0B 0C 0D 0E 0F 10 11 12 13 14 15 16 17 18 19 1A 1B 1C 1D 1E 1F
[11:12:13.383][txt] FormControlSystem: Пример лога, строка 225 - Простой текст. Строка может оказаться достаточно длинной и не умещаться на экране по горизонтали без полосы прокрутки. В любой строке могут содержаться любые символы UTF-8.
[11:12:13.429][<<<] FormControlSystem: Пример лога, строка 226 - Входящие данные 00 01 02 03 04 05 06 07 08 09 0A 0B 0C 0D 0E 0F 10 11 12 13 14 15 16 17 18 19 1A 1B 1C 1D 1E 1F
[11:12:13.442][inf] FormControlSystem: Пример лога, строка 227 - Информационное сообщение средней длины.
[11:12:13.450][inf] FormControlSystem: Пример лога, строка 228 - Информационное сообщение средней длины.
[11:12:13.533][txt] FormControlSystem: Пример лога, строка 229 - Простой текст. Строка может оказаться достаточно длинной и не умещаться на экране по горизонтали без полосы прокрутки. В любой строке могут содержаться любые символы UTF-8.
[11:12:13.614][inf] FormControlSystem: Пример лога, строка 230 - Информационное сообщение средней длины.
[11:12:13.646][inf] FormControlSystem: Пример лога, строка 231 - Информационное сообщение средней длины.
[11:12:13.661][inf] FormControlSystem: Пример лога, строка 232 - Информационное сообщение средней длины.
[11:12:13.745][inf] FormControlSystem: Пример лога, строка 233 - Информационное сообщение средней длины.
[11:12:13.810][txt] FormControlSystem: Пример лога, строка 234 - Простой текст. Строка может оказаться достаточно длинной и не умещаться на экране по горизонтали без полосы прокрутки. В любой строке могут содержаться любые символы UTF-8.
[11:12:13.850][<<<] FormControlSystem: Пример лога, строка 235 - Входящие данные 00 01 02 03 04 05 06 07 08 09 0A 0B 0C 0D 0E 0F 10 11 12 13 14 15 16 17 18 19 1A 1B 1C 1D 1E 1F
[11:12:13.913][err] FormControlSystem: Пример лога, строка 236 - Текст ошибки. Лучше подсвечивать красным, чтоб было заметно.
[11:12:13.997][inf] FormControlSystem: Пример лога, строка 237 - Информационное сообщение средней длины.
[11:12:14.056][txt] FormControlSystem: Пример лога, строка 238 - Простой текст. Строка может оказаться достаточно длинной и не умещаться на экране по горизонтали без полосы прокрутки. В любой строке могут содержаться любые символы UTF-8.
[11:12:14.149][txt] FormControlSystem: Пример лога, строка 239 - Простой текст. Строка может оказаться достаточно длинной и не умещаться на экране по горизонтали без полосы прокрутки. В любой строке могут содержаться любые символы UTF-8.
[11:12:14.205][dbg] FormControlSystem: Пример лога, строка 240 - Текст отладочной информации
[11:12:14.308][wrn] FormControlSystem: Пример лога, строка 241 - Текст предупреждения. Лучше выделять, чтоб было заметно.
[11:12:14.355][dbg] FormControlSystem: Пример лога, строка 242 - Текст отладочной информации
[11:12:14.408][dbg] FormControlSystem: Пример лога, строка 243 - Текст отладочной информации
[11:12:14.484][dbg] FormControlSystem: Пример лога, строка 244 - Текст отладочной информации
[11:12:14.579][inf] FormControlSystem: Пример лога, строка 245 - Информационное сообщение средней длины.
[11:12:14.673][>>>] FormControlSystem: Пример лога, строка 246 - Исходящие данные 00 01 02 03 04 05 06 07 08 09 0A 0B 0C 0D 0E 0F 10 11 12 13 14 15 16 17 18 19 1A 1B 1C 1D 1E 1F
[11:12:14.753][dbg] FormControlSystem: Пример лога, строка 247 - Текст отладочной информации
[11:12:14.794][inf] FormControlSystem: Пример лога, строка 248 - Информационное сообщение средней длины.
[11:12:14.895][inf] FormControlSystem: Пример лога, строка 249 - Информационное сообщение средней длины.
[11:12:14.901][dbg] FormControlSystem: Пример лога, строка 250 - Текст отладочной информации
[11:12:14.933][dbg] FormControlSystem: Пример лога, строка 251 - Текст отладочной информации
[11:12:15.020][dbg] FormControlSystem: Пример лога, строка 252 - Текст отладочной информации
[11:12:15.123][dbg] FormControlSystem: Пример лога, строка 253 - Текст отладочной информации
[11:12:15.179][err] FormControlSystem: Пример лога, строка 254 - Текст ошибки. Лучше подсвечивать красным, чтоб было заметно.
[11:12:15.229][inf] FormControlSystem: Пример лога, строка 255 - Информационное сообщение средней длины.
[11:12:15.283][inf] FormControlSystem: Пример лога, строка 256 - Информационное сообщение средней длины.
[11:12:15.375][dbg] FormControlSystem: Пример лога, строка 257 - Текст отладочной информации
[11:12:15.466][txt] FormControlSystem: Пример лога, строка 258 - Простой текст. Строка может оказаться достаточно длинной и не умещаться на экране по горизонтали без полосы прокрутки. В любой строке могут содержаться любые символы UTF-8.
[11:12:15.571][dbg] FormControlSystem: Пример лога, строка 259 - Текст отладочной информации
[11:12:15.667][dbg] FormControlSystem: Пример лога, строка 260 - Текст отладочной информации
[11:12:15.685][dbg] FormControlSystem: Пример лога, строка 261 - Текст отладочной информации
[11:12:15.715][inf] FormControlSystem: Пример лога, строка 262 - Информационное сообщение средней длины.
[11:12:15.798][inf] FormControlSystem: Пример лога, строка 263 - Информационное сообщение средней длины.
[11:12:15.835][dbg] FormControlSystem: Пример лога, строка 264 - Текст отладочной информации
[11:12:15.881][>>>] FormControlSystem: Пример лога, строка 265 - Исходящие данные 00 01 02 03 04 05 06 07 08 09 0A 0B 0C 0D 0E 0F 10 11 12 13 14 15 16 17 18 19 1A 1B 1C 1D 1E 1F
[11:12:15.899][>>>] FormControlSystem: Пример лога, строка 266 - Исходящие данные 00 01 02 03 04 05 06 07 08 09 0A 0B 0C 0D 0E 0F 10 11 12 13 14 15 16 17 18 19 1A 1B 1C 1D 1E 1F
[11:12:15.964][dbg] FormControlSystem: Пример лога, строка 267 - Текст отладочной информации
[11:12:15.996][wrn] FormControlSystem: Пример лога, строка 268 - Текст предупреждения. Лучше выделять, чтоб было заметно.
[11:12:16.080][dbg] FormControlSystem: Пример лога, строка 269 - Текст отладочной информации
[11:12:16.153][dbg] FormControlSystem: Пример лога, строка 270 - Текст отладочной информации
[11:12:16.216][inf] FormControlSystem: Пример лога, строка 271 - Информационное сообщение средней длины.
[11:12:16.244][dbg] FormControlSystem: Пример лога, строка 272 - Текст отладочной информации
[11:12:16.311][dbg] FormControlSystem: Пример лога, строка 273 - Текст отладочной информации
[11:12:16.367][err] FormControlSystem: Пример лога, строка 274 - Текст ошибки. Лучше подсвечивать красным, чтоб было заметно.
[11:12:16.416][dbg] FormControlSystem: Пример лога, строка 275 - Текст отладочной информации
[11:12:16.427][dbg] FormControlSystem: Пример лога, строка 276 - Текст отладочной информации
[11:12:16.508][>>>] FormControlSystem: Пример лога, строка 277 - Исходящие данные 00 01 02 03 04 05 06 07 08 09 0A 0B 0C 0D 0E 0F 10 11 12 13 14 15 16 17 18 19 1A 1B 1C 1D 1E 1F
[11:12:16.525][dbg] FormControlSystem: Пример лога, строка 278 - Текст отладочной информации
[11:12:16.576][txt] FormControlSystem: Пример лога, строка 279 - Простой текст. Строка может оказаться достаточно длинной и не умещаться на экране по горизонтали без полосы прокрутки. В любой строке могут содержаться любые символы UTF-8.
[11:12:16.662][dbg] FormControlSystem: Пример лога, строка 280 - Текст отладочной информации
[11:12:16.754][txt] FormControlSystem: Пример лога, строка 281 - Простой текст. Строка может оказаться достаточно длинной и не умещаться на экране по горизонтали без полосы прокрутки. В любой строке могут содержаться любые символы UTF-8.
[11:12:16.800][err] FormControlSystem: Пример лога, строка 282 - Текст ошибки. Лучше подсвечивать красным, чтоб было заметно.
[11:12:16.878][<<<] FormControlSystem: Пример лога, строка 283 - Входящие данные 00 01 02 03 04 05 06 07 08 09 0A 0B 0C 0D 0E 0F 10 11 12 13 14 15 16 17 18 19 1A 1B 1C 1D 1E 1F
[11:12:16.908][dbg] FormControlSystem: Пример лога, строка 284 - Текст отладочной информации
[11:12:16.926][dbg] FormControlSystem: Пример лога, строка 285 - Текст отладочной информации
[11:12:16.934][txt] FormControlSystem: Пример лога, строка 286 - Простой текст. Строка может оказаться достаточно длинной и не умещаться на экране по горизонтали без полосы прокрутки. В любой строке могут содержаться любые символы UTF-8.
[11:12:16.972][<<<] FormControlSystem: Пример лога, строка 287 - Входящие данные 00 01 02 03 04 05 06 07 08 09 0A 0B 0C 0D 0E 0F 10 11 12 13 14 15 16 17 18 19 1A 1B 1C 1D 1E 1F
[11:12:17.020][>>>] FormControlSystem: Пример лога, строка 288 - Исходящие данные 00 01 02 03 04 05 06 07 08 09 0A 0B 0C 0D 0E 0F 10 11 12 13 14 15 16 17 18 19 1A 1B 1C 1D 1E 1F
[11:12:17.055][inf] FormControlSystem: Пример лога, строка 289 - Информационное сообщение средней длины.
[11:12:17.138][err] FormControlSystem: Пример лога, строка 290 - Текст ошибки. Лучше подсвечивать красным, чтоб было заметно.
[11:12:17.155][txt] FormControlSystem: Пример лога, строка 291 - Простой текст. Строка может оказаться достаточно длинной и не умещаться на экране по горизонтали без полосы прокрутки. В любой строке могут содержаться любые символы UTF-8.
[11:12:17.225][txt] FormControlSystem: Пример лога, строка 292 - Простой текст. Строка может оказаться достаточно длинной и не умещаться на экране по горизонтали без полосы прокрутки. В любой строке могут содержаться любые символы UTF-8.
[11:12:17.321][>>>] FormControlSystem: Пример лога, строка 293 - Исходящие данные 00 01 02 03 04 05 06 07 08 09 0A 0B 0C 0D 0E 0F 10 11 12 13 14 15 16 17 18 19 1A 1B 1C 1D 1E 1F
[11:12:17.330][dbg] FormControlSystem: Пример лога, строка 294 - Текст отладочной информации
[11:12:17.415][txt] FormControlSystem: Пример лога, строка 295 - Простой текст. Строка может оказаться достаточно длинной и не умещаться на экране по горизонтали без полосы прокрутки. В любой строке могут содержаться любые символы UTF-8.
[11:12:17.490][dbg] FormControlSystem: Пример лога, строка 296 - Текст отладочной информации
[11:12:17.538][<<<] FormControlSystem: Пример лога, строка 297 - Входящие данные 00 01 02 03 04 05 06 07 08 09 0A 0B 0C 0D 0E 0F 10 11 12 13 14 15 16 17 18 19 1A 1B 1C 1D 1E 1F
[11:12:17.560][wrn] FormControlSystem: Пример лога, строка 298 - Текст предупреждения. Лучше выделять, чтоб было заметно.
[11:12:17.625][dbg] FormControlSystem: Пример лога, строка 299 - Текст отладочной информации
[11:12:17.698][dbg] FormControlSystem: Пример лога, строка 300 - Текст отладочной информации
[11:12:17.729][<<<] FormControlSystem: Пример лога, строка 301 - Входящие данные 00 01 02 03 04 05 06 07 08 09 0A 0B 0C 0D 0E 0F 10 11 12 13 14 15 16 17 18 19 1A 1B 1C 1D 1E 1F
[11:12:17.769][inf] FormControlSystem: Пример лога, строка 302 - Информационное сообщение средней длины.
[11:12:17.866][inf] FormControlSystem: Пример лога, строка 303 - Информационное сообщение средней длины.
[11:12:17.955][<<<] FormControlSystem: Пример лога, строка 304 - Входящие данные 00 01 02 03 04 05 06 07 08 09 0A 0B 0C 0D 0E 0F 10 11 12 13 14 15 16 17 18 19 1A 1B 1C 1D 1E 1F
[11:12:17.977][inf] FormControlSystem: Пример лога, строка 305 - Информационное сообщение средней длины.
[11:12:18.053][txt] FormControlSystem: Пример лога, строка 306 - Простой текст. Строка может оказаться достаточно длинной и не умещаться на экране по горизонтали без полосы прокрутки. В любой строке могут содержаться любые символы UTF-8.
[11:12:18.125][wrn] FormControlSystem: Пример лога, строка 307 - Текст предупреждения. Лучше выделять, чтоб было заметно.
[11:12:18.167][err] FormControlSystem: Пример лога, строка 308 - Текст ошибки. Лучше подсвечивать красным, чтоб было заметно.
[11:12:18.221][>>>] FormControlSystem: Пример лога, строка 309 - Исходящие данные 00 01 02 03 04 05 06 07 08 09 0A 0B 0C 0D 0E 0F 10 11 12 13 14 15 16 17 18 19 1A 1B 1C 1D 1E 1F
[11:12:18.241][<<<] FormControlSystem: Пример лога, строка 310 - Входящие данные 00 01 02 03 04 05 06 07 08 09 0A 0B 0C 0D 0E 0F 10 11 12 13 14 15 16 17 18 19 1A 1B 1C 1D 1E 1F
[11:12:18.299][dbg] FormControlSystem: Пример лога, строка 311 - Текст отладочной информации
[11:12:18.321][inf] FormControlSystem: Пример лога, строка 312 - Информационное сообщение средней длины.
[11:12:18.410][inf] FormControlSystem: Пример лога, строка 313 - Информационное сообщение средней длины.
[11:12:18.514][dbg] FormControlSystem: Пример лога, строка 314 - Текст отладочной информации
[11:12:18.586][<<<] FormControlSystem: Пример лога, строка 315 - Входящие данные 00 01 02 03 04 05 06 07 08 09 0A 0B 0C 0D 0E 0F 10 11 12 13 14 15 16 17 18 19 1A 1B 1C 1D 1E 1F
[11:12:18.633][dbg] FormControlSystem: Пример лога, строка 316 - Текст отладочной информации
[11:12:18.647][>>>] FormControlSystem: Пример лога, строка 317 - Исходящие данные 00 01 02 03 04 05 06 07 08 09 0A 0B 0C 0D 0E 0F 10 11 12 13 14 15 16 17 18 19 1A 1B 1C 1D 1E 1F
[11:12:18.732][inf] FormControlSystem: Пример лога, строка 318 - Информационное сообщение средней длины.
[11:12:18.824][dbg] FormControlSystem: Пример лога, строка 319 - Текст отладочной информации
[11:12:18.899][dbg] FormControlSystem: Пример лога, строка 320 - Текст отладочной информации
[11:12:18.957][dbg] FormControlSystem: Пример лога, строка 321 - Текст отладочной информации
[11:12:18.967][dbg] FormControlSystem: Пример лога, строка 322 - Текст отладочной информации
[11:12:18.986][inf] FormControlSystem: Пример лога, строка 323 - Информационное сообщение средней длины.
[11:12:19.043][err] FormControlSystem: Пример лога, строка 324 - Текст ошибки. Лучше подсвечивать красным, чтоб было заметно.
[11:12:19.108][wrn] FormControlSystem: Пример лога, строка 325 - Текст предупреждения. Лучше выделять, чтоб было заметно.
[11:12:19.153][dbg] FormControlSystem: Пример лога, строка 326 - Текст отладочной информации
[11:12:19.163][wrn] FormControlSystem: Пример лога, строка 327 - Текст предупреждения. Лучше выделять, чтоб было заметно.
[11:12:19.173][inf] FormControlSystem: Пример лога, строка 328 - Информационное сообщение средней длины.
[11:12:19.243][dbg] FormControlSystem: Пример лога, строка 329 - Текст отладочной информации
[11:12:19.311][dbg] FormControlSystem: Пример лога, строка 330 - Текст отладочной информации
[11:12:19.360][>>>] FormControlSystem: Пример лога, строка 331 - Исходящие данные 00 01 02 03 04 05 06 07 08 09 0A 0B 0C 0D 0E 0F 10 11 12 13 14 15 16 17 18 19 1A 1B 1C 1D 1E 1F
[11:12:19.384][dbg] FormControlSystem: Пример лога, строка 332 - Текст отладочной информации
[11:12:19.402][inf] FormControlSystem: Пример лога, строка 333 - Информационное сообщение средней длины.
[11:12:19.465][dbg] FormControlSystem: Пример лога, строка 334 - Текст отладочной информации
[11:12:19.546][dbg] FormControlSystem: Пример лога, строка 335 - Текст отладочной информации
[11:12:19.575][txt] FormControlSystem: Пример лога, строка 336 - Простой текст. Строка может оказаться достаточно длинной и не умещаться на экране по горизонтали без полосы прокрутки. В любой строке могут содержаться любые символы UTF-8.
[11:12:19.667][dbg] FormControlSystem: Пример лога, строка 337 - Текст отладочной информации
[11:12:19.736][inf] FormControlSystem: Пример лога, строка 338 - Информационное сообщение средней длины.
[11:12:19.785][inf] FormControlSystem: Пример лога, строка 339 - Информационное сообщение средней длины.
[11:12:19.801][dbg] FormControlSystem: Пример лога, строка 340 - Текст отладочной информации
[11:12:19.905][inf] FormControlSystem: Пример лога, строка 341 - Информационное сообщение средней длины.
[11:12:19.970][err] FormControlSystem: Пример лога, строка 342 - Текст ошибки. Лучше подсвечивать красным, чтоб было заметно.
[11:12:20.061][inf] FormControlSystem: Пример лога, строка 343 - Информационное сообщение средней длины.
[11:12:20.101][txt] FormControlSystem: Пример лога, строка 344 - Простой текст. Строка может оказаться достаточно длинной и не умещаться на экране по горизонтали без полосы прокрутки. В любой строке могут содержаться любые символы UTF-8.
[11:12:20.166][inf] FormControlSystem: Пример лога, строка 345 - Информационное сообщение средней длины.
[11:12:20.246][err] FormControlSystem: Пример лога, строка 346 - Текст ошибки. Лучше подсвечивать красным, чтоб было заметно.
[11:12:20.303][dbg] FormControlSystem: Пример лога, строка 347 - Текст отладочной информации
[11:12:20.405][wrn] FormControlSystem: Пример лога, строка 348 - Текст предупреждения. Лучше выделять, чтоб было заметно.
[11:12:20.444][wrn] FormControlSystem: Пример лога, строка 349 - Текст предупреждения. Лучше выделять, чтоб было заметно.
[11:12:20.460][wrn] FormControlSystem: Пример лога, строка 350 - Текст предупреждения. Лучше выделять, чтоб было заметно.
[11:12:20.477][dbg] FormControlSystem: Пример лога, строка 351 - Текст отладочной информации
[11:12:20.484][dbg] FormControlSystem: Пример лога, строка 352 - Текст отладочной информации
[11:12:20.537][inf] FormControlSystem: Пример лога, строка 353 - Информационное сообщение средней длины.
[11:12:20.627][dbg] FormControlSystem: Пример лога, строка 354 - Текст отладочной информации
[11:12:20.659][inf] FormControlSystem: Пример лога, строка 355 - Информационное сообщение средней длины.
[11:12:20.728][inf] FormControlSystem: Пример лога, строка 356 - Информационное сообщение средней длины.
[11:12:20.802][dbg] FormControlSystem: Пример лога, строка 357 - Текст отладочной информации
[11:12:20.868][inf] FormControlSystem: Пример лога, строка 358 - Информационное сообщение средней длины.
[11:12:20.909][dbg] FormControlSystem: Пример лога, строка 359 - Текст отладочной информации
[11:12:20.930][inf] FormControlSystem: Пример лога, строка 360 - Информационное сообщение средней длины.
[11:12:21.031][inf] FormControlSystem: Пример лога, строка 361 - Информационное сообщение средней длины.
[11:12:21.041][err] FormControlSystem: Пример лога, строка 362 - Текст ошибки. Лучше подсвечивать красным, чтоб было заметно.
[11:12:21.124][inf] FormControlSystem: Пример лога, строка 363 - Информационное сообщение средней длины.
[11:12:21.182][inf] FormControlSystem: Пример лога, строка 364 - Информационное сообщение средней длины.
[11:12:21.255][dbg] FormControlSystem: Пример лога, строка 365 - Текст отладочной информации
[11:12:21.298][inf] FormControlSystem: Пример лога, строка 366 - Информационное сообщение средней длины.
[11:12:21.380][inf] FormControlSystem: Пример лога, строка 367 - Информационное сообщение средней длины.
[11:12:21.472][>>>] FormControlSystem: Пример лога, строка 368 - Исходящие данные 00 01 02 03 04 05 06 07 08 09 0A 0B 0C 0D 0E 0F 10 11 12 13 14 15 16 17 18 19 1A 1B 1C 1D 1E 1F
[11:12:21.529][inf] FormControlSystem: Пример лога, строка 369 - Информационное сообщение средней длины.
[11:12:21.553][wrn] FormControlSystem: Пример лога, строка 370 - Текст предупреждения. Лучше выделять, чтоб было заметно.
[11:12:21.629][dbg] FormControlSystem: Пример лога, строка 371 - Текст отладочной информации
[11:12:21.725][>>>] FormControlSystem: Пример лога, строка 372 - Исходящие данные 00 01 02 03 04 05 06 07 08 09 0A 0B 0C 0D 0E 0F 10 11 12 13 14 15 16 17 18 19 1A 1B 1C 1D 1E 1F
[11:12:21.791][dbg] FormControlSystem: Пример лога, строка 373 - Текст отладочной информации
[11:12:21.866][txt] FormControlSystem: Пример лога, строка 374 - Простой текст. Строка может оказаться достаточно длинной и не умещаться на экране по горизонтали без полосы прокрутки. В любой строке могут содержаться любые символы UTF-8.
[11:12:21.938][err] FormControlSystem: Пример лога, строка 375 - Текст ошибки. Лучше подсвечивать красным, чтоб было заметно.
[11:12:22.009][err] FormControlSystem: Пример лога, строка 376 - Текст ошибки. Лучше подсвечивать красным, чтоб было заметно.
[11:12:22.039][dbg] FormControlSystem: Пример лога, строка 377 - Текст отладочной информации
[11:12:22.049][dbg] FormControlSystem: Пример лога, строка 378 - Текст отладочной информации
[11:12:22.097][>>>] FormControlSystem: Пример лога, строка 379 - Исходящие данные 00 01 02 03 04 05 06 07 08 09 0A 0B 0C 0D 0E 0F 10 11 12 13 14 15 16 17 18 19 1A 1B 1C 1D 1E 1F
[11:12:22.186][txt] FormControlSystem: Пример лога, строка 380 - Простой текст. Строка может оказаться достаточно длинной и не умещаться на экране по горизонтали без полосы прокрутки. В любой строке могут содержаться любые символы UTF-8.
[11:12:22.291][dbg] FormControlSystem: Пример лога, строка 381 - Текст отладочной информации
[11:12:22.315][dbg] FormControlSystem: Пример лога, строка 382 - Текст отладочной информации
[11:12:22.407][txt] FormControlSystem: Пример лога, строка 383 - Простой текст. Строка может оказаться достаточно длинной и не умещаться на экране по горизонтали без полосы прокрутки. В любой строке могут содержаться любые символы UTF-8.
[11:12:22.438][inf] FormControlSystem: Пример лога, строка 384 - Информационное сообщение средней длины.
[11:12:22.531][<<<] FormControlSystem: Пример лога, строка 385 - Входящие данные 00 01 02 03 04 05 06 07 08 09 0A 0B 0C 0D 0E 0F 10 11 12 13 14 15 16 17 18 19 1A 1B 1C 1D 1E 1F
[11:12:22.600][inf] FormControlSystem: Пример лога, строка 386 - Информационное сообщение средней длины.
[11:12:22.677][dbg] FormControlSystem: Пример лога, строка 387 - Текст отладочной информации
[11:12:22.708][dbg] FormControlSystem: Пример лога, строка 388 - Текст отладочной информации
[11:12:22.801][>>>] FormControlSystem: Пример лога, строка 389 - Исходящие данные 00 01 02 03 04 05 06 07 08 09 0A 0B 0C 0D 0E 0F 10 11 12 13 14 15 16 17 18 19 1A 1B 1C 1D 1E 1F
[11:12:22.848][inf] FormControlSystem: Пример лога, строка 390 - Информационное сообщение средней длины.
[11:12:22.926][dbg] FormControlSystem: Пример лога, строка 391 - Текст отладочной информации
[11:12:22.965][dbg] FormControlSystem: Пример лога, строка 392 - Текст отладочной информации
[11:12:23.023][dbg] FormControlSystem: Пример лога, строка 393 - Текст отладочной информации
[11:12:23.074][>>>] FormControlSystem: Пример лога, строка 394 - Исходящие данные 00 01 02 03 04 05 06 07 08 09 0A 0B 0C 0D 0E 0F 10 11 12 13 14 15 16 17 18 19 1A 1B 1C 1D 1E 1F
[11:12:23.160][txt] FormControlSystem: Пример лога, строка 395 - Простой текст. Строка может оказаться достаточно длинной и не умещаться на экране по горизонтали без полосы прокрутки. В любой строке могут содержаться любые символы UTF-8.
[11:12:23.249][dbg] FormControlSystem: Пример лога, строка 396 - Текст отладочной информации
[11:12:42.095][dbg] DialogUsedMemory: Использовано памяти приложением: 90372 КБ
[11:12:56.178][dbg] MainWindow: closeAllForms() // Закрытие всех форм
[11:12:56.194][dbg] FormDebug: Остановка работы формы
[11:12:56.205][dbg] FormDataDecoder: Остановка работы формы
[11:12:56.218][dbg] FormDataReader: Остановка работы формы
[11:12:56.218][dbg] FormDebug: Финиш формы 4 FormDataDecoder
[11:12:56.248][dbg] FormPrint: Остановка работы формы
[11:12:56.249][dbg] FormDebug: Финиш формы 3 FormDataReader
[11:12:56.250][dbg] FormControlSystem: Остановка работы формы
[11:12:56.250][dbg] FormDebug: Финиш формы 2 FormPrint
[11:12:56.263][dbg] FormDebug: Финиш формы 1 FormControlSystem
[11:12:56.270][dbg] MainWindow: Финиш формы 'FormDebug'. Всего запущено форм: 0
[11:12:56.276][dbg] MainWindow: stopModules() // Остановка модулей
[11:12:56.277][dbg] ControlSystem: Остановка работы объекта
[11:12:56.277][dbg] PrivateControlSystem: Остановка работы объекта
[11:12:56.379][dbg] ProtocolDriver: Остановка работы объекта
[11:12:56.379][dbg] ProtocolDriver: slot closePort()
[11:12:56.480][dbg] PrivateControlSystem: slot driverChangePortState(bool portIsOpen = false) // Состояние порта
[11:12:56.482][dbg] PrivateControlSystem: Завершение потока 'ProtocolDriverThread'
[11:12:56.581][dbg] MainWindow: Финиш модуля 'ControlSystem'. Всего запущено модулей: 2
[11:12:56.581][dbg] PrivatePrint: Остановка работы объекта
[11:12:56.581][dbg] MainWindow: Финиш модуля 'Print'. Всего запущено модулей: 1
[11:12:56.582][dbg] PrivateCamera: Остановка работы всех устройств контроля
[11:12:56.582][dbg] Lucid: Отключение от системы взаимодействия с камерами
[11:12:56.583][dbg] Lucid: Остановка работы объекта
[11:12:56.583][dbg] PrivateCamera: Финиш потока ThreadLucidApi
[11:12:56.584][dbg] MainWindow: Финиш модуля 'Camera'. Всего запущено модулей: 0
[11:12:56.683][dbg] Camera: Остановка работы объекта
[11:12:56.690][inf] MainWindow: Завершение работы
[11:12:56.701][inf] ----- Окончание. Общее время работы: 135289 мсек. ------------------------------
